Vivado Simulator v2025.1.0
Copyright 1986-2022 Xilinx, Inc. All Rights Reserved.
Copyright 2022-2025 Advanced Micro Devices, Inc. All Rights Reserved.
Running: E:/Vivado/2025.1/Vivado/bin/unwrapped/win64.o/xelab.exe --timescale 1ns/1ps tb_lte_task_ctrl_top -s tb_lte_task_ctrl_top_sim 
Multi-threading is on. Using 14 slave threads.
Starting static elaboration
Pass Through NonSizing Optimizer
Completed static elaboration
Starting simulation data flow analysis
Completed simulation data flow analysis
Time Resolution for simulation is 1ps
Compiling package work.lte_pkg
Compiling module work.lte_tdt_decode
Compiling module work.lte_task_dispatch
Compiling module work.lte_task_context
Compiling module work.lte_loop_nest_ctrl_default
Compiling module work.lte_boundary_ctrl
Compiling module work.lte_error_ctrl
Compiling module work.lte_task_scoreboard
Compiling module work.lte_csr
Compiling module work.lte_task_ctrl_top_default
Compiling module work.tb_lte_task_ctrl_top
Built simulation snapshot tb_lte_task_ctrl_top_sim
