#-----------------------------------------------------------
# xsim v2025.1 (64-bit)
# SW Build 6140274 on Thu May 22 00:12:29 MDT 2025
# IP Build 6138677 on Thu May 22 03:10:11 MDT 2025
# SharedData Build 6139179 on Tue May 20 17:58:58 MDT 2025
# Start of session at: Sat Jun 27 17:00:01 2026
# Process ID         : 32056
# Current directory  : D:/Lorenzo
# Command line       : xsim.exe -mode tcl -source {xsim.dir/tb_lte_task_ctrl_top_sim/xsim_script.tcl}
# Log file           : D:/Lorenzo/xsim.log
# Journal file       : D:/Lorenzo\xsim.jou
# Running On         : LAPTOP-2OBRH9GA
# Platform           : Windows Server 2016 or Windows 10
# Operating System   : 26200
# Processor Detail   : AMD Ryzen 7 5800H with Radeon Graphics         
# CPU Frequency      : 3194 MHz
# CPU Physical cores : 8
# CPU Logical cores  : 16
# Host memory        : 17024 MB
# Swap memory        : 16106 MB
# Total Virtual      : 33130 MB
# Available Virtual  : 6274 MB
#-----------------------------------------------------------
source xsim.dir/tb_lte_task_ctrl_top_sim/xsim_script.tcl
# xsim {tb_lte_task_ctrl_top_sim} -autoloadwcfg -runall
Time resolution is 1 ps
run -all
--- TC1_QK_BASIC ---
[PASS] TC1
--- TC2_QK_TAIL ---
[PASS] TC2
--- TC3_PV_BASIC ---
[PASS] TC3
--- TC4_PV_TAIL ---
[PASS] TC4
--- TC5_ILLEGAL ---
[PASS] TC5
--- TC6_QK_MHEAD ---
[PASS] TC6
--- TC7_QK_PARTIAL_TILE ---
[PASS] TC7
--- TC8_PV_PARTIAL_TILE ---
[PASS] TC8

[RESULT] tb_lte_task_ctrl_top: ALL PASS
$finish called at time : 9246 ns : File "D:/Lorenzo/tb/tb_lte_task_ctrl_top.sv" Line 560
exit
INFO: [Common 17-206] Exiting xsim at Sat Jun 27 17:00:07 2026...
