#-----------------------------------------------------------
# xsim v2025.1 (64-bit)
# SW Build 6140274 on Thu May 22 00:12:29 MDT 2025
# IP Build 6138677 on Thu May 22 03:10:11 MDT 2025
# SharedData Build 6139179 on Tue May 20 17:58:58 MDT 2025
# Start of session at: Sun Jun 28 00:52:10 2026
# Process ID         : 21316
# Current directory  : D:/Lorenzo
# Command line       : xsim.exe -mode tcl -source {xsim.dir/tb_lte_tdt_decode_sim/xsim_script.tcl}
# Log file           : D:/Lorenzo/xsim.log
# Journal file       : D:/Lorenzo\xsim.jou
# Running On         : LAPTOP-2OBRH9GA
# Platform           : Windows Server 2016 or Windows 10
# Operating System   : 26200
# Processor Detail   : AMD Ryzen 7 5800H with Radeon Graphics         
# CPU Frequency      : 3194 MHz
# CPU Physical cores : 8
# CPU Logical cores  : 16
# Host memory        : 17024 MB
# Swap memory        : 16106 MB
# Total Virtual      : 33130 MB
# Available Virtual  : 5538 MB
#-----------------------------------------------------------
source xsim.dir/tb_lte_tdt_decode_sim/xsim_script.tcl
# xsim {tb_lte_tdt_decode_sim} -autoloadwcfg -runall
Time resolution is 1 ps
run -all
[PASS] TC=LEGAL_QK
[PASS] TC=LEGAL_PV128
[PASS] TC=LEGAL_PV64_9H_LAST1
[PASS] TC=LEGAL_PV64
[PASS] TC=LEGAL_PV32
[PASS] TC=ERR_TASK_DESC
[PASS] TC=ERR_TASK_MODE
[PASS] TC=ERR_GROUP_SIZE
[PASS] TC=ERR_DIM
[PASS] TC=ERR_CTX_ZERO
[PASS] TC=ERR_QK_CBC_ZERO
[PASS] TC=ERR_TAIL_ZERO
[PASS] TC=ERR_PV_LI_ZERO
[PASS] TC=ERR_PV_LI_OOB
[PASS] TC=ERR_PV_MAP
[PASS] TC=ERR_PV_MAP_HDIM_GT128
[PASS] TC=ERR_STREAM_CONTRACT
[PASS] TC=ERR_LAST_ACTIVE_ZERO
[PASS] TC=ERR_LAST_HEAD_OOB
[PASS] TC=ERR_LAST_HEAD_GT_FULL

[RESULT] tb_lte_tdt_decode: ALL PASS
$finish called at time : 20 ns : File "D:/Lorenzo/tb/tb_lte_tdt_decode.sv" Line 179
exit
INFO: [Common 17-206] Exiting xsim at Sun Jun 28 00:52:16 2026...
