#-----------------------------------------------------------
# xsim v2025.1 (64-bit)
# SW Build 6140274 on Thu May 22 00:12:29 MDT 2025
# IP Build 6138677 on Thu May 22 03:10:11 MDT 2025
# SharedData Build 6139179 on Tue May 20 17:58:58 MDT 2025
# Start of session at: Sat Jun 27 17:16:12 2026
# Process ID         : 49464
# Current directory  : D:/Lorenzo
# Command line       : xsim.exe -mode tcl -source {xsim.dir/tb_lte_task_context_sim/xsim_script.tcl}
# Log file           : D:/Lorenzo/xsim.log
# Journal file       : D:/Lorenzo\xsim.jou
# Running On         : LAPTOP-2OBRH9GA
# Platform           : Windows Server 2016 or Windows 10
# Operating System   : 26200
# Processor Detail   : AMD Ryzen 7 5800H with Radeon Graphics         
# CPU Frequency      : 3194 MHz
# CPU Physical cores : 8
# CPU Logical cores  : 16
# Host memory        : 17024 MB
# Swap memory        : 16106 MB
# Total Virtual      : 33130 MB
# Available Virtual  : 6160 MB
#----------------------------------------------------------sosource xsim.dir/tb_lte_task_context_sim/xsim_script.tcl
# xsim {tb_lte_task_context_sim} -autoloadwcfg -rTime rTime resolution is 1 ps
run -all
[PASS] TC1: no-launch output stays zero
[PASS] TC2: QK launch
[PASS] TC3: values held without launch
[PASS] TC4: PV launch

[RESULT] tb_lte_task_context: ALL PASS
$finish called at time : 86 ns : File "D:/Lorenzo/tb/tb_lte_task_context.sv" Line 153
exit
INFO: [Common 17-206] Exiting xsim at Sat Jun 27 17:16:15 2026...
=ERR_STREAM_CONTRACT
[PASS] TC=ERR_LAST_ACTIVE_ZERO
[PASS] TC=ERR_LAST_HEAD_OOB
[PASS] TC=ERR_LAST_HEAD_GT_FULL

[RESULT] tb_lte_tdt_decode: ALL PASS
$finish called at time : 18 ns : File "D:/Lorenzo/tb/tb_lte_tdt_decode.sv" Line 173
exit
INFO: [Common 17-206] Exiting xsim at Sat Jun 27 17:16:14 2026...
rp h1 cb1 g1 got=0 exp=1
[FAIL] t=2686000 tc1_last_ctx h1 cb1 g1 got=0 exp=1
[FAIL] t=2686000 tc1_last_head h1 cb1 g1 got=0 exp=1
[PASS] TC1: QK basic, 8 groups processed
--- TC2: QK tail mask ---
[FAIL] t=3036000 tc2_block0_mask got=00000001 exp=ffffffff
[FAIL] t=3036000 tc2_block0_last_ctx got=1 exp=0
[FAIL] t=3366000 tc2_block1_mask got=ffffffff exp=00000001
[FAIL] t=3366000 tc2_block1_last_ctx got=0 exp=1
[PASS] TC2: QK tail mask
--- TC3: PV pv_last_inner=16 ---
[FAIL] t=3716000 tc3_g0_last_grp got=1 exp=0
[FAIL] t=3866000 tc3_g1_not_last i=14 got=1 exp=0
[FAIL] t=3876000 tc3_g1_last_grp got=0 exp=1
[PASS] TC3: PV pv_last_inner=16
--- TC4: backpressure ---
[FAIL] t=4236000 tc4_released_gd got=0 exp=1
[PASS] TC4: backpressure
--- TC5: drain lane counter ---
[PASS] TC5: drain ctr rollover

[RESULT] tb_lte_loop_nest_ctrl: FAIL (22 errors)
$finish called at time : 4586 ns : File "D:/Lorenzo/tb/tb_lte_loop_nest_ctrl.sv" Line 263
exit
INFO: [Common 17-206] Exiting xsim at Sat Jun 27 17:16:14 2026...
